This file contains any messages produced by compilers while
running configure, to aid debugging if configure makes a mistake.

It was created by termux-utils configure v9.0.0-release, which was
generated by GNU Autoconf 2.73.  Invocation command line was

  $ ./configure --no-create --no-recursion

## --------- ##
## Platform. ##
## --------- ##

hostname = localhost
uname -m = aarch64
uname -r = 4.14.113-25741823
uname -s = Linux
uname -v = #1 SMP PREEMPT Mon Feb 12 18:31:27 KST 2024

/usr/bin/uname -p = unknown
/bin/uname -X     = unknown

/bin/arch              = unknown
/usr/bin/arch -k       = unknown
/usr/convex/getsysinfo = unknown
/usr/bin/hostinfo      = unknown
/bin/machine           = unknown
/usr/bin/oslevel       = unknown
/bin/universe          = unknown

PATH: /data/data/com.termux/files/usr/opt/archspoof/
PATH: /data/data/com.termux/files/usr/bin/


## ----------- ##
## Core tests. ##
## ----------- ##

configure:2281: looking for aux files: compile missing install-sh
configure:2294:  trying ./
configure:2323:   ./compile found
configure:2323:   ./missing found
configure:2305:   ./install-sh found
configure:2476: checking for a BSD-compatible install
configure:2550: result: /data/data/com.termux/files/usr/bin/install -c
configure:2561: checking whether sleep supports fractional seconds
configure:2577: result: yes
configure:2580: checking filesystem timestamp resolution
configure:2715: result: 0.01
configure:2720: checking whether build environment is sane
configure:2765: result: yes
configure:2936: checking for a race-free mkdir -p
configure:2979: result: /data/data/com.termux/files/usr/bin/mkdir -p
configure:2986: checking for gawk
configure:3007: found /data/data/com.termux/files/usr/bin/gawk
configure:3019: result: gawk
configure:3030: checking whether make sets $(MAKE)
configure:3054: result: yes
configure:3080: checking whether make supports nested variables
configure:3099: result: yes
configure:3113: checking xargs -n works
configure:3129: result: yes
configure:3214: checking whether UID '10417' is supported by ustar format
configure:3220: result: yes
configure:3227: checking whether GID '10417' is supported by ustar format
configure:3233: result: yes
configure:3241: checking how to create a ustar tar archive
configure:3252: tar --version
tar (GNU tar) 1.35
Copyright (C) 2023 Free Software Foundation, Inc.
License GPLv3+: GNU GPL version 3 or later <https://gnu.org/licenses/gpl.html>.
This is free software: you are free to change and redistribute it.
There is NO WARRANTY, to the extent permitted by law.

Written by John Gilmore and Jay Fenlason.
configure:3255: $? = 0
configure:3295: tardir=conftest.dir && eval tar --format=ustar -chf - "$tardir" >conftest.tar
configure:3298: $? = 0
configure:3302: tar -xf - <conftest.tar
configure:3305: $? = 0
configure:3307: cat conftest.dir/file
GrepMe
configure:3310: $? = 0
configure:3325: result: gnutar
configure:3419: checking for gcc
configure:3440: found /data/data/com.termux/files/usr/bin/gcc
configure:3452: result: gcc
configure:3811: checking for C compiler version
configure:3820: gcc --version >&5
clang version 21.1.8
Target: aarch64-unknown-linux-android24
Thread model: posix
InstalledDir: /data/data/com.termux/files/usr/bin
configure:3831: $? = 0
configure:3820: gcc -v >&5
clang version 21.1.8
Target: aarch64-unknown-linux-android24
Thread model: posix
InstalledDir: /data/data/com.termux/files/usr/bin
configure:3831: $? = 0
configure:3820: gcc -V >&5
gcc: error: argument to '-V' is missing (expected 1 value)
gcc: error: no input files
configure:3831: $? = 1
configure:3820: gcc -qversion >&5
gcc: error: unknown argument '-qversion'; did you mean '--version'?
gcc: error: no input files
configure:3831: $? = 1
configure:3820: gcc -version >&5
gcc: error: unknown argument '-version'; did you mean '--version'?
gcc: error: no input files
configure:3831: $? = 1
configure:3851: checking whether the C compiler works
configure:3873: gcc    conftest.c  >&5
configure:3877: $? = 0
configure:3928: result: yes
configure:3932: checking for C compiler default output file name
configure:3934: result: a.out
configure:3940: checking for suffix of executables
configure:3947: gcc -o conftest    conftest.c  >&5
configure:3951: $? = 0
configure:3975: result: 
configure:3999: checking whether we are cross compiling
configure:4007: gcc -o conftest    conftest.c  >&5
configure:4011: $? = 0
configure:4018: ./conftest
configure:4022: $? = 0
configure:4037: result: no
configure:4043: checking for suffix of object files
configure:4066: gcc -c   conftest.c >&5
configure:4070: $? = 0
configure:4094: result: o
configure:4098: checking whether the compiler supports GNU C
configure:4118: gcc -c   conftest.c >&5
configure:4118: $? = 0
configure:4130: result: yes
configure:4141: checking whether gcc accepts -g
configure:4162: gcc -c -g  conftest.c >&5
configure:4162: $? = 0
configure:4209: result: yes
configure:4229: checking for gcc option to enable C23 features
configure:4244: gcc  -c -g -O2  conftest.c >&5
conftest.c:16:3: error: "Compiler advertises conformance to C17 or earlier"
   16 | # error "Compiler advertises conformance to C17 or earlier"
      |   ^
conftest.c:20:23: error: expected function body after function declarator
   20 | char alignas (double) c23_aligned_as_double;
      |                       ^
conftest.c:21:15: error: expected parameter declarator
   21 | char alignas (0) c23_no_special_alignment;
      |               ^
conftest.c:21:15: error: expected ')'
conftest.c:21:14: note: to match this '('
   21 | char alignas (0) c23_no_special_alignment;
      |              ^
conftest.c:21:18: error: expected function body after function declarator
   21 | char alignas (0) c23_no_special_alignment;
      |                  ^
conftest.c:23:15: error: expected parameter declarator
   23 | char alignas (0) alignas (int) c23_aligned_as_int;
      |               ^
conftest.c:23:15: error: expected ')'
conftest.c:23:14: note: to match this '('
   23 | char alignas (0) alignas (int) c23_aligned_as_int;
      |              ^
conftest.c:23:18: error: expected function body after function declarator
   23 | char alignas (0) alignas (int) c23_aligned_as_int;
      |                  ^
conftest.c:28:23: error: call to undeclared function 'alignof'; ISO C99 and later do not support implicit function declarations [-Wimplicit-function-declaration]
   28 |   c23_int_alignment = alignof (int),
      |                       ^
conftest.c:28:32: error: expected expression
   28 |   c23_int_alignment = alignof (int),
      |                                ^
conftest.c:29:38: error: expected expression
   29 |   c23_int_array_alignment = alignof (int[100]),
      |                                      ^
conftest.c:30:33: error: expected expression
   30 |   c23_char_alignment = alignof (char)
      |                                 ^
conftest.c:32:16: error: expected parameter declarator
   32 | static_assert (0 < -alignof (int), "alignof is signed");
      |                ^
conftest.c:32:16: error: expected ')'
conftest.c:32:15: note: to match this '('
   32 | static_assert (0 < -alignof (int), "alignof is signed");
      |               ^
conftest.c:32:1: error: type specifier missing, defaults to 'int'; ISO C99 and later do not support implicit int [-Wimplicit-int]
   32 | static_assert (0 < -alignof (int), "alignof is signed");
      | ^
      | int
conftest.c:34:41: warning: omitting the parameter name in a function definition is a C23 extension [-Wc23-extensions]
   34 | int function_with_unnamed_parameter (int) { return 0; }
      |                                         ^
conftest.c:40:1: error: unknown type name 'bool'
   40 | bool use_u8 = (!sizeof u8"\xFF") == (!u8'x');
      | ^
conftest.c:40:39: error: use of undeclared identifier 'u8'
   40 | bool use_u8 = (!sizeof u8"\xFF") == (!u8'x');
      |                                       ^~
conftest.c:42:1: error: unknown type name 'bool'
   42 | bool check_that_bool_works = true | false | !nullptr;
      | ^
conftest.c:42:30: error: use of undeclared identifier 'true'
   42 | bool check_that_bool_works = true | false | !nullptr;
      |                              ^~~~
fatal error: too many errors emitted, stopping now [-ferror-limit=]
1 warning and 20 errors generated.
configure:4244: $? = 1
configure: failed program was:
| /* confdefs.h */
| #define PACKAGE_NAME "termux-utils"
| #define PACKAGE_TARNAME "termux-utils"
| #define PACKAGE_VERSION "v9.0.0-release"
| #define PACKAGE_STRING "termux-utils v9.0.0-release"
| #define PACKAGE_BUGREPORT "none"
| #define PACKAGE_URL ""
| #define PACKAGE "termux-utils"
| #define VERSION "v9.0.0-release"
| /* end confdefs.h.  */
| 
| /* Does the compiler advertise conformance to C17 or earlier?
|    Although GCC 14 does not do that, even with -std=gnu23,
|    it is close enough, and defines __STDC_VERSION == 202000L.  */
| #if !defined __STDC_VERSION__ || __STDC_VERSION__ <= 201710L
| # error "Compiler advertises conformance to C17 or earlier"
| #endif
| 
| // Check alignas.
| char alignas (double) c23_aligned_as_double;
| char alignas (0) c23_no_special_alignment;
| extern char c23_aligned_as_int;
| char alignas (0) alignas (int) c23_aligned_as_int;
| 
| // Check alignof.
| enum
| {
|   c23_int_alignment = alignof (int),
|   c23_int_array_alignment = alignof (int[100]),
|   c23_char_alignment = alignof (char)
| };
| static_assert (0 < -alignof (int), "alignof is signed");
| 
| int function_with_unnamed_parameter (int) { return 0; }
| 
| void c23_noreturn ();
| 
| /* Test parsing of string and char UTF-8 literals (including hex escapes).
|    The parens pacify GCC 15.  */
| bool use_u8 = (!sizeof u8"\xFF") == (!u8'x');
| 
| bool check_that_bool_works = true | false | !nullptr;
| #if !true
| # error "true does not work in #if"
| #endif
| #if false
| #elifdef __STDC_VERSION__
| #else
| # error "#elifdef does not work"
| #endif
| 
| #ifndef __has_c_attribute
| # error "__has_c_attribute not defined"
| #endif
| 
| #ifndef __has_include
| # error "__has_include not defined"
| #endif
| 
| #define LPAREN() (
| #define FORTY_TWO(x) 42
| #define VA_OPT_TEST(r, x, ...) __VA_OPT__ (FORTY_TWO r x))
| static_assert (VA_OPT_TEST (LPAREN (), 0, <:-) == 42);
| 
| static_assert (0b101010 == 42);
| static_assert (0B101010 == 42);
| static_assert (0xDEAD'BEEF == 3'735'928'559);
| static_assert (0.500'000'000 == 0.5);
| 
| enum unsignedish : unsigned int { uione = 1 };
| static_assert (0 < -uione);
| 
| #include <stddef.h>
| constexpr nullptr_t null_pointer = nullptr;
| 
| static typeof (1 + 1L) two () { return 2; }
| static long int three () { return 3; }
| 
| 
| int
| main (int, char **)
| {
|   int ok = 0;
|   
|   {
|     label_before_declaration:
|       int arr[10] = {};
|       if (arr[0])
|         goto label_before_declaration;
|       if (!arr[0])
|         goto label_at_end_of_block;
|     label_at_end_of_block:
|   }
|   ok |= !null_pointer;
|   ok |= two != three;
| 
|   return ok;
| }
| 
configure:4244: gcc -std=gnu23 -c -g -O2  conftest.c >&5
conftest.c:42:46: warning: implicit conversion of nullptr constant to 'bool' [-Wnull-conversion]
   42 | bool check_that_bool_works = true | false | !nullptr;
      |                                             ~^~~~~~~
      |                                              0
conftest.c:94:10: warning: implicit conversion of nullptr constant to 'bool' [-Wnull-conversion]
   94 |   ok |= !null_pointer;
      |         ~^~~~~~~~~~~~
      |          0
2 warnings generated.
configure:4244: $? = 0
configure:4266: result: -std=gnu23
configure:4436: checking whether gcc -std=gnu23 understands -c and -o together
configure:4459: gcc -std=gnu23 -c conftest.c -o conftest2.o
configure:4462: $? = 0
configure:4459: gcc -std=gnu23 -c conftest.c -o conftest2.o
configure:4462: $? = 0
configure:4478: result: yes
configure:4498: checking whether make supports the include directive
configure:4513: make -f confmf.GNU && cat confinc.out
make[1]: Entering directory '/data/data/com.termux/files/termux-utils'
make[1]: Leaving directory '/data/data/com.termux/files/termux-utils'
this is the am__doit target
configure:4516: $? = 0
configure:4535: result: yes (GNU style)
configure:4561: checking dependency style of gcc -std=gnu23
configure:4674: result: gcc3
configure:4696: checking for stdio.h
configure:4696: gcc -std=gnu23 -c -g -O2  conftest.c >&5
configure:4696: $? = 0
configure:4696: result: yes
configure:4696: checking for stdlib.h
configure:4696: gcc -std=gnu23 -c -g -O2  conftest.c >&5
configure:4696: $? = 0
configure:4696: result: yes
configure:4696: checking for string.h
configure:4696: gcc -std=gnu23 -c -g -O2  conftest.c >&5
configure:4696: $? = 0
configure:4696: result: yes
configure:4696: checking for inttypes.h
configure:4696: gcc -std=gnu23 -c -g -O2  conftest.c >&5
configure:4696: $? = 0
configure:4696: result: yes
configure:4696: checking for stdint.h
configure:4696: gcc -std=gnu23 -c -g -O2  conftest.c >&5
configure:4696: $? = 0
configure:4696: result: yes
configure:4696: checking for strings.h
configure:4696: gcc -std=gnu23 -c -g -O2  conftest.c >&5
configure:4696: $? = 0
configure:4696: result: yes
configure:4696: checking for sys/stat.h
configure:4696: gcc -std=gnu23 -c -g -O2  conftest.c >&5
configure:4696: $? = 0
configure:4696: result: yes
configure:4696: checking for sys/types.h
configure:4696: gcc -std=gnu23 -c -g -O2  conftest.c >&5
configure:4696: $? = 0
configure:4696: result: yes
configure:4696: checking for unistd.h
configure:4696: gcc -std=gnu23 -c -g -O2  conftest.c >&5
configure:4696: $? = 0
configure:4696: result: yes
configure:4721: checking for stdio.h
configure:4721: result: yes
configure:4727: checking for stdlib.h
configure:4727: result: yes
configure:4733: checking for string.h
configure:4733: result: yes
configure:4850: checking that generated files are newer than configure
configure:4856: result: done
configure:4899: creating ./config.status

## ---------------- ##
## Cache variables. ##
## ---------------- ##

ac_cv_c_compiler_gnu='yes'
ac_cv_env_CC_set=''
ac_cv_env_CC_value=''
ac_cv_env_CFLAGS_set=''
ac_cv_env_CFLAGS_value=''
ac_cv_env_CPPFLAGS_set=''
ac_cv_env_CPPFLAGS_value=''
ac_cv_env_LDFLAGS_set=''
ac_cv_env_LDFLAGS_value=''
ac_cv_env_LIBS_set=''
ac_cv_env_LIBS_value=''
ac_cv_env_build_alias_set=''
ac_cv_env_build_alias_value=''
ac_cv_env_host_alias_set=''
ac_cv_env_host_alias_value=''
ac_cv_env_target_alias_set=''
ac_cv_env_target_alias_value=''
ac_cv_header_inttypes_h='yes'
ac_cv_header_stdint_h='yes'
ac_cv_header_stdio_h='yes'
ac_cv_header_stdlib_h='yes'
ac_cv_header_string_h='yes'
ac_cv_header_strings_h='yes'
ac_cv_header_sys_stat_h='yes'
ac_cv_header_sys_types_h='yes'
ac_cv_header_unistd_h='yes'
ac_cv_objext='o'
ac_cv_path_install='/data/data/com.termux/files/usr/bin/install -c'
ac_cv_path_mkdir='/data/data/com.termux/files/usr/bin/mkdir'
ac_cv_prog_AWK='gawk'
ac_cv_prog_ac_ct_CC='gcc'
ac_cv_prog_cc_c23='-std=gnu23'
ac_cv_prog_cc_g='yes'
ac_cv_prog_cc_stdc='-std=gnu23'
ac_cv_prog_make_make_set='yes'
am_cv_CC_dependencies_compiler_type='gcc3'
am_cv_filesystem_timestamp_resolution='0.01'
am_cv_make_support_nested_variables='yes'
am_cv_prog_cc_c_o='yes'
am_cv_prog_tar_ustar='gnutar'
am_cv_sleep_fractional_seconds='yes'
am_cv_xargs_n_works='yes'

## ----------------- ##
## Output variables. ##
## ----------------- ##

ACLOCAL='${SHELL} '\''/data/data/com.termux/files/termux-utils/missing'\'' aclocal-1.18'
AMDEPBACKSLASH='\'
AMDEP_FALSE='#'
AMDEP_TRUE=''
AMTAR='$${TAR-tar}'
AM_BACKSLASH='\'
AM_DEFAULT_V='$(AM_DEFAULT_VERBOSITY)'
AM_DEFAULT_VERBOSITY='1'
AM_V='$(V)'
AUTOCONF='${SHELL} '\''/data/data/com.termux/files/termux-utils/missing'\'' autoconf'
AUTOHEADER='${SHELL} '\''/data/data/com.termux/files/termux-utils/missing'\'' autoheader'
AUTOMAKE='${SHELL} '\''/data/data/com.termux/files/termux-utils/missing'\'' automake-1.18'
AWK='gawk'
CC='gcc -std=gnu23'
CCDEPMODE='depmode=gcc3'
CFLAGS='-g -O2'
CPPFLAGS=''
CSCOPE='cscope'
CTAGS='ctags'
CYGPATH_W='echo'
DEFS='-DPACKAGE_NAME=\"termux-utils\" -DPACKAGE_TARNAME=\"termux-utils\" -DPACKAGE_VERSION=\"v9.0.0-release\" -DPACKAGE_STRING=\"termux-utils\ v9.0.0-release\" -DPACKAGE_BUGREPORT=\"none\" -DPACKAGE_URL=\"\" -DPACKAGE=\"termux-utils\" -DVERSION=\"v9.0.0-release\" -DHAVE_STDIO_H=1 -DHAVE_STDLIB_H=1 -DHAVE_STRING_H=1 -DHAVE_INTTYPES_H=1 -DHAVE_STDINT_H=1 -DHAVE_STRINGS_H=1 -DHAVE_SYS_STAT_H=1 -DHAVE_SYS_TYPES_H=1 -DHAVE_UNISTD_H=1 -DSTDC_HEADERS=1 -DHAVE_STDIO_H=1 -DHAVE_STDLIB_H=1 -DHAVE_STRING_H=1'
DEPDIR='.deps'
ECHO_C=''
ECHO_N='-n'
ECHO_T=''
ETAGS='etags'
EXEEXT=''
INSTALL_DATA='${INSTALL} -m 644'
INSTALL_PROGRAM='${INSTALL}'
INSTALL_SCRIPT='${INSTALL}'
INSTALL_STRIP_PROGRAM='$(install_sh) -c -s'
LDFLAGS=''
LIBOBJS=''
LIBS=''
LTLIBOBJS=''
MAKEINFO='${SHELL} '\''/data/data/com.termux/files/termux-utils/missing'\'' makeinfo'
MKDIR_P='/data/data/com.termux/files/usr/bin/mkdir -p'
OBJEXT='o'
PACKAGE='termux-utils'
PACKAGE_BUGREPORT='none'
PACKAGE_NAME='termux-utils'
PACKAGE_STRING='termux-utils v9.0.0-release'
PACKAGE_TARNAME='termux-utils'
PACKAGE_URL=''
PACKAGE_VERSION='v9.0.0-release'
PATH_SEPARATOR=':'
SET_MAKE=''
SHELL='/data/data/com.termux/files/usr/bin/sh'
STRIP=''
VERSION='v9.0.0-release'
ac_ct_CC='gcc'
am__EXEEXT_FALSE=''
am__EXEEXT_TRUE='#'
am__fastdepCC_FALSE='#'
am__fastdepCC_TRUE=''
am__include='include'
am__isrc=''
am__leading_dot='.'
am__nodep='_no'
am__quote=''
am__rm_f_notfound=''
am__tar='tar --format=ustar -chf - "$$tardir"'
am__untar='tar -xf -'
am__xargs_n='xargs -n'
bindir='${exec_prefix}/bin'
build_alias=''
datadir='${datarootdir}'
datarootdir='${prefix}/share'
docdir='${datarootdir}/doc/${PACKAGE_TARNAME}'
dvidir='${docdir}'
exec_prefix='${prefix}'
host_alias=''
htmldir='${docdir}'
includedir='${prefix}/include'
infodir='${datarootdir}/info'
install_sh='${SHELL} /data/data/com.termux/files/termux-utils/install-sh'
libdir='${exec_prefix}/lib'
libexecdir='${exec_prefix}/libexec'
localedir='${datarootdir}/locale'
localstatedir='${prefix}/var'
mandir='${datarootdir}/man'
mkdir_p='$(MKDIR_P)'
oldincludedir='/usr/include'
pdfdir='${docdir}'
prefix='/usr/local'
program_transform_name='s,x,x,'
psdir='${docdir}'
runstatedir='${localstatedir}/run'
sbindir='${exec_prefix}/sbin'
sharedstatedir='${prefix}/com'
sysconfdir='${prefix}/etc'
target_alias=''

## ----------- ##
## confdefs.h. ##
## ----------- ##

/* confdefs.h */
#define PACKAGE_NAME "termux-utils"
#define PACKAGE_TARNAME "termux-utils"
#define PACKAGE_VERSION "v9.0.0-release"
#define PACKAGE_STRING "termux-utils v9.0.0-release"
#define PACKAGE_BUGREPORT "none"
#define PACKAGE_URL ""
#define PACKAGE "termux-utils"
#define VERSION "v9.0.0-release"
#define HAVE_STDIO_H 1
#define HAVE_STDLIB_H 1
#define HAVE_STRING_H 1
#define HAVE_INTTYPES_H 1
#define HAVE_STDINT_H 1
#define HAVE_STRINGS_H 1
#define HAVE_SYS_STAT_H 1
#define HAVE_SYS_TYPES_H 1
#define HAVE_UNISTD_H 1
#define STDC_HEADERS 1
#define HAVE_STDIO_H 1
#define HAVE_STDLIB_H 1
#define HAVE_STRING_H 1

configure: exit 

## ---------------------- ##
## Running config.status. ##
## ---------------------- ##

This file was extended by termux-utils config.status v9.0.0-release, which was
generated by GNU Autoconf 2.73.  Invocation command line was

  CONFIG_FILES    = 
  CONFIG_HEADERS  = 
  CONFIG_LINKS    = 
  CONFIG_COMMANDS = 
  $ ./config.status 

on localhost

config.status:757: creating Makefile
config.status:929: executing depfiles commands
config.status:1004: cd .       && sed -e '/# am--include-marker/d' Makefile         | make -f - am--depfiles
make[1]: Entering directory '/data/data/com.termux/files/termux-utils'
make[1]: Nothing to be done for 'am--depfiles'.
make[1]: Leaving directory '/data/data/com.termux/files/termux-utils'
config.status:1011: $? = 0
